Using pre-set license
Built from '2021.1/staging' branch; Version is '2021.1.7f1 (d91830b65d9b) revision 14227504'; Using compiler version '192528614'; Build Type 'Release'
OS: 'Windows 10 Home; OS build 19043.2130; Version 2009; 64bit' Language: 'de' Physical Memory: 8151 MB
BatchMode: 1, IsHumanControllingUs: 0, StartBugReporterOnCrash: 0, Is64bit: 1, IsPro: 0

 COMMAND LINE ARGUMENTS:
D:\Verschiedenes\Unity\2021-1-7f1\Editor\Unity.exe
-adb2
-batchMode
-noUpm
-name
AssetImportWorker2
-projectPath
D:/Verschiedenes/HSA/IAM-Projekt-2/iam-projekt-2/IAM-Project 2
-logFile
Logs/AssetImportWorker2.log
-srvPort
63514
Successfully changed project path to: D:/Verschiedenes/HSA/IAM-Projekt-2/iam-projekt-2/IAM-Project 2
D:/Verschiedenes/HSA/IAM-Projekt-2/iam-projekt-2/IAM-Project 2
Using Asset Import Pipeline V2.
Refreshing native plugins compatible for Editor in 297.05 ms, found 1 plugins.
Preloading 0 native plugins for Editor in 0.00 ms.
Initialize engine version: 2021.1.7f1 (d91830b65d9b)
[Subsystems] Discovering subsystems at path D:/Verschiedenes/Unity/2021-1-7f1/Editor/Data/Resources/UnitySubsystems
[Subsystems] Discovering subsystems at path D:/Verschiedenes/HSA/IAM-Projekt-2/iam-projekt-2/IAM-Project 2/Assets
GfxDevice: creating device client; threaded=0; jobified=0
d3d12: loaded!
Direct3D:
    Version:         Direct3D 12 [level 12.1]
    Renderer:        NVIDIA GeForce GTX 1070 (ID=0x1b81)
    Vendor:          NVIDIA
    VRAM:            8088 MB
    App VRAM Budget: 7320 MB
    Driver:          30.0.15.1215
d3d12: Profiler is enabled, but stable power state is not. GPU timing errors are expected.

Shader 'Universal Render Pipeline/Particles/Lit': fallback shader 'Universal Render Pipeline/Particles/SimpleLit' not found
Initialize mono
Mono path[0] = 'D:/Verschiedenes/Unity/2021-1-7f1/Editor/Data/Managed'
Mono path[1] = 'D:/Verschiedenes/Unity/2021-1-7f1/Editor/Data/MonoBleedingEdge/lib/mono/unityjit'
Mono config path = 'D:/Verschiedenes/Unity/2021-1-7f1/Editor/Data/MonoBleedingEdge/etc'
Using monoOptions --debugger-agent=transport=dt_socket,embedding=1,server=y,suspend=n,address=127.0.0.1:56588
Begin MonoManager ReloadAssembly
Registering precompiled unity dll's ...
Register platform support module: D:/Verschiedenes/Unity/2021-1-7f1/Editor/Data/PlaybackEngines/WindowsStandaloneSupport/UnityEditor.WindowsStandalone.Extensions.dll
Registered in 0.030182 seconds.
Native extension for WindowsStandalone target not found
Refreshing native plugins compatible for Editor in 132.07 ms, found 1 plugins.
Preloading 0 native plugins for Editor in 0.00 ms.
Mono: successfully reloaded assembly
- Completed reload, in 11.849 seconds
Platform modules already initialized, skipping
Registering precompiled user dll's ...
Registered in 0.044461 seconds.
